2023-11-21 14:42:53.221 [main] INFO  com.example.logback.DemoLogbackApplication - Starting DemoLogbackApplication using Java 11.0.15 on DESKTOP-STAACOU with PID 24296 (D:\test\github\springboot\demo-logback\target\classes started by DELL in D:\test\github\springboot)
2023-11-21 14:42:53.223 [main] INFO  com.example.logback.DemoLogbackApplication - No active profile set, falling back to default profiles: default
2023-11-21 14:42:53.708 [main] INFO  o.s.boot.web.embedded.tomcat.TomcatWebServer - Tomcat initialized with port(s): 8080 (http)
2023-11-21 14:42:53.714 [main] INFO  org.apache.catalina.core.StandardService - Starting service [Tomcat]
2023-11-21 14:42:53.714 [main] INFO  org.apache.catalina.core.StandardEngine - Starting Servlet engine: [Apache Tomcat/9.0.54]
2023-11-21 14:42:53.716 [main] INFO  org.apache.catalina.core.AprLifecycleListener - An older version [1.2.24] of the Apache Tomcat Native library is installed, while Tomcat recommends a minimum version of [1.2.30]
2023-11-21 14:42:53.716 [main] INFO  org.apache.catalina.core.AprLifecycleListener - Loaded Apache Tomcat Native library [1.2.24] using APR version [1.7.0].
2023-11-21 14:42:53.716 [main] INFO  org.apache.catalina.core.AprLifecycleListener - APR capabilities: IPv6 [true], sendfile [true], accept filters [false], random [true], UDS [false].
2023-11-21 14:42:53.716 [main] INFO  org.apache.catalina.core.AprLifecycleListener - APR/OpenSSL configuration: useAprConnector [false], useOpenSSL [true]
2023-11-21 14:42:53.718 [main] INFO  org.apache.catalina.core.AprLifecycleListener - OpenSSL successfully initialized [OpenSSL 1.1.1g  21 Apr 2020]
2023-11-21 14:42:53.761 [main] INFO  o.a.c.c.ContainerBase.[Tomcat].[localhost].[/demo] - Initializing Spring embedded WebApplicationContext
2023-11-21 14:42:53.761 [main] INFO  o.s.b.w.s.c.ServletWebServerApplicationContext - Root WebApplicationContext: initialization completed in 511 ms
2023-11-21 14:42:53.974 [main] INFO  o.s.boot.web.embedded.tomcat.TomcatWebServer - Tomcat started on port(s): 8080 (http) with context path '/demo'
2023-11-21 14:42:53.983 [main] INFO  com.example.logback.DemoLogbackApplication - Started DemoLogbackApplication in 1.019 seconds (JVM running for 1.825)
2023-11-21 14:42:53.985 [main] INFO  com.example.logback.DemoLogbackApplication - Spring boot启动初始化了 137 个 Bean
2023-11-21 14:43:48.669 [main] INFO  com.example.logback.DemoLogbackApplication - Starting DemoLogbackApplication using Java 11.0.15 on DESKTOP-STAACOU with PID 23176 (D:\test\github\springboot\demo-logback\target\classes started by DELL in D:\test\github\springboot)
2023-11-21 14:43:48.672 [main] INFO  com.example.logback.DemoLogbackApplication - No active profile set, falling back to default profiles: default
2023-11-21 14:43:49.164 [main] INFO  o.s.boot.web.embedded.tomcat.TomcatWebServer - Tomcat initialized with port(s): 8080 (http)
2023-11-21 14:43:49.169 [main] INFO  org.apache.catalina.core.StandardService - Starting service [Tomcat]
2023-11-21 14:43:49.169 [main] INFO  org.apache.catalina.core.StandardEngine - Starting Servlet engine: [Apache Tomcat/9.0.54]
2023-11-21 14:43:49.170 [main] INFO  org.apache.catalina.core.AprLifecycleListener - An older version [1.2.24] of the Apache Tomcat Native library is installed, while Tomcat recommends a minimum version of [1.2.30]
2023-11-21 14:43:49.170 [main] INFO  org.apache.catalina.core.AprLifecycleListener - Loaded Apache Tomcat Native library [1.2.24] using APR version [1.7.0].
2023-11-21 14:43:49.170 [main] INFO  org.apache.catalina.core.AprLifecycleListener - APR capabilities: IPv6 [true], sendfile [true], accept filters [false], random [true], UDS [false].
2023-11-21 14:43:49.170 [main] INFO  org.apache.catalina.core.AprLifecycleListener - APR/OpenSSL configuration: useAprConnector [false], useOpenSSL [true]
2023-11-21 14:43:49.172 [main] INFO  org.apache.catalina.core.AprLifecycleListener - OpenSSL successfully initialized [OpenSSL 1.1.1g  21 Apr 2020]
2023-11-21 14:43:49.213 [main] INFO  o.a.c.c.ContainerBase.[Tomcat].[localhost].[/demo] - Initializing Spring embedded WebApplicationContext
2023-11-21 14:43:49.214 [main] INFO  o.s.b.w.s.c.ServletWebServerApplicationContext - Root WebApplicationContext: initialization completed in 516 ms
