2023-11-21 14:43:49.420 [main] INFO  o.s.boot.web.embedded.tomcat.TomcatWebServer - Tomcat started on port(s): 8080 (http) with context path '/demo'
2023-11-21 14:43:49.431 [main] INFO  com.example.logback.DemoLogbackApplication - Started DemoLogbackApplication in 1.051 seconds (JVM running for 1.873)
2023-11-21 14:43:49.433 [main] INFO  com.example.logback.DemoLogbackApplication - Spring boot启动初始化了 137 个 Bean
2023-11-21 14:44:16.796 [main] INFO  com.example.logback.DemoLogbackApplication - Starting DemoLogbackApplication using Java 11.0.15 on DESKTOP-STAACOU with PID 7764 (D:\test\github\springboot\demo-logback\target\classes started by DELL in D:\test\github\springboot)
2023-11-21 14:44:16.798 [main] INFO  com.example.logback.DemoLogbackApplication - No active profile set, falling back to default profiles: default
2023-11-21 14:44:17.281 [main] INFO  o.s.boot.web.embedded.tomcat.TomcatWebServer - Tomcat initialized with port(s): 8080 (http)
2023-11-21 14:44:17.287 [main] INFO  org.apache.catalina.core.StandardService - Starting service [Tomcat]
2023-11-21 14:44:17.287 [main] INFO  org.apache.catalina.core.StandardEngine - Starting Servlet engine: [Apache Tomcat/9.0.54]
2023-11-21 14:44:17.288 [main] INFO  org.apache.catalina.core.AprLifecycleListener - An older version [1.2.24] of the Apache Tomcat Native library is installed, while Tomcat recommends a minimum version of [1.2.30]
2023-11-21 14:44:17.288 [main] INFO  org.apache.catalina.core.AprLifecycleListener - Loaded Apache Tomcat Native library [1.2.24] using APR version [1.7.0].
2023-11-21 14:44:17.288 [main] INFO  org.apache.catalina.core.AprLifecycleListener - APR capabilities: IPv6 [true], sendfile [true], accept filters [false], random [true], UDS [false].
2023-11-21 14:44:17.288 [main] INFO  org.apache.catalina.core.AprLifecycleListener - APR/OpenSSL configuration: useAprConnector [false], useOpenSSL [true]
2023-11-21 14:44:17.290 [main] INFO  org.apache.catalina.core.AprLifecycleListener - OpenSSL successfully initialized [OpenSSL 1.1.1g  21 Apr 2020]
2023-11-21 14:44:17.333 [main] INFO  o.a.c.c.ContainerBase.[Tomcat].[localhost].[/demo] - Initializing Spring embedded WebApplicationContext
2023-11-21 14:44:17.333 [main] INFO  o.s.b.w.s.c.ServletWebServerApplicationContext - Root WebApplicationContext: initialization completed in 509 ms
2023-11-21 14:44:17.536 [main] INFO  o.s.boot.web.embedded.tomcat.TomcatWebServer - Tomcat started on port(s): 8080 (http) with context path '/demo'
2023-11-21 14:44:17.544 [main] INFO  com.example.logback.DemoLogbackApplication - Started DemoLogbackApplication in 1.0 seconds (JVM running for 1.854)
2023-11-21 14:44:17.546 [main] INFO  com.example.logback.DemoLogbackApplication - Spring boot启动初始化了 137 个 Bean
2023-11-21 14:44:26.499 [main] INFO  com.example.logback.DemoLogbackApplication - Starting DemoLogbackApplication using Java 11.0.15 on DESKTOP-STAACOU with PID 22988 (D:\test\github\springboot\demo-logback\target\classes started by DELL in D:\test\github\springboot)
2023-11-21 14:44:26.501 [main] INFO  com.example.logback.DemoLogbackApplication - No active profile set, falling back to default profiles: default
2023-11-21 14:44:26.972 [main] INFO  o.s.boot.web.embedded.tomcat.TomcatWebServer - Tomcat initialized with port(s): 8080 (http)
2023-11-21 14:44:26.976 [main] INFO  org.apache.catalina.core.StandardService - Starting service [Tomcat]
2023-11-21 14:44:26.977 [main] INFO  org.apache.catalina.core.StandardEngine - Starting Servlet engine: [Apache Tomcat/9.0.54]
2023-11-21 14:44:26.977 [main] INFO  org.apache.catalina.core.AprLifecycleListener - An older version [1.2.24] of the Apache Tomcat Native library is installed, while Tomcat recommends a minimum version of [1.2.30]
2023-11-21 14:44:26.978 [main] INFO  org.apache.catalina.core.AprLifecycleListener - Loaded Apache Tomcat Native library [1.2.24] using APR version [1.7.0].
2023-11-21 14:44:26.978 [main] INFO  org.apache.catalina.core.AprLifecycleListener - APR capabilities: IPv6 [true], sendfile [true], accept filters [false], random [true], UDS [false].
2023-11-21 14:44:26.978 [main] INFO  org.apache.catalina.core.AprLifecycleListener - APR/OpenSSL configuration: useAprConnector [false], useOpenSSL [true]
2023-11-21 14:44:26.980 [main] INFO  org.apache.catalina.core.AprLifecycleListener - OpenSSL successfully initialized [OpenSSL 1.1.1g  21 Apr 2020]
2023-11-21 14:44:27.021 [main] INFO  o.a.c.c.ContainerBase.[Tomcat].[localhost].[/demo] - Initializing Spring embedded WebApplicationContext
2023-11-21 14:44:27.021 [main] INFO  o.s.b.w.s.c.ServletWebServerApplicationContext - Root WebApplicationContext: initialization completed in 497 ms
2023-11-21 14:44:27.224 [main] INFO  o.s.boot.web.embedded.tomcat.TomcatWebServer - Tomcat started on port(s): 8080 (http) with context path '/demo'
2023-11-21 14:44:27.231 [main] INFO  com.example.logback.DemoLogbackApplication - Started DemoLogbackApplication in 1.022 seconds (JVM running for 1.898)
2023-11-21 14:44:27.233 [main] INFO  com.example.logback.DemoLogbackApplication - Spring boot启动初始化了 137 个 Bean
2023-11-21 14:44:47.029 [main] INFO  com.example.logback.DemoLogbackApplication - Starting DemoLogbackApplication using Java 11.0.15 on DESKTOP-STAACOU with PID 24464 (D:\test\github\springboot\demo-logback\target\classes started by DELL in D:\test\github\springboot)
2023-11-21 14:44:47.031 [main] INFO  com.example.logback.DemoLogbackApplication - No active profile set, falling back to default profiles: default
2023-11-21 14:44:47.509 [main] INFO  o.s.boot.web.embedded.tomcat.TomcatWebServer - Tomcat initialized with port(s): 8080 (http)
2023-11-21 14:44:47.515 [main] INFO  org.apache.catalina.core.StandardService - Starting service [Tomcat]
2023-11-21 14:44:47.515 [main] INFO  org.apache.catalina.core.StandardEngine - Starting Servlet engine: [Apache Tomcat/9.0.54]
2023-11-21 14:44:47.516 [main] INFO  org.apache.catalina.core.AprLifecycleListener - An older version [1.2.24] of the Apache Tomcat Native library is installed, while Tomcat recommends a minimum version of [1.2.30]
2023-11-21 14:44:47.516 [main] INFO  org.apache.catalina.core.AprLifecycleListener - Loaded Apache Tomcat Native library [1.2.24] using APR version [1.7.0].
2023-11-21 14:44:47.516 [main] INFO  org.apache.catalina.core.AprLifecycleListener - APR capabilities: IPv6 [true], sendfile [true], accept filters [false], random [true], UDS [false].
2023-11-21 14:44:47.516 [main] INFO  org.apache.catalina.core.AprLifecycleListener - APR/OpenSSL configuration: useAprConnector [false], useOpenSSL [true]
2023-11-21 14:44:47.518 [main] INFO  org.apache.catalina.core.AprLifecycleListener - OpenSSL successfully initialized [OpenSSL 1.1.1g  21 Apr 2020]
2023-11-21 14:44:47.558 [main] INFO  o.a.c.c.ContainerBase.[Tomcat].[localhost].[/demo] - Initializing Spring embedded WebApplicationContext
2023-11-21 14:44:47.558 [main] INFO  o.s.b.w.s.c.ServletWebServerApplicationContext - Root WebApplicationContext: initialization completed in 503 ms
2023-11-21 14:44:47.754 [main] INFO  o.s.boot.web.embedded.tomcat.TomcatWebServer - Tomcat started on port(s): 8080 (http) with context path '/demo'
2023-11-21 14:44:47.762 [main] INFO  com.example.logback.DemoLogbackApplication - Started DemoLogbackApplication in 1.002 seconds (JVM running for 1.768)
2023-11-21 14:44:47.764 [main] INFO  com.example.logback.DemoLogbackApplication - Spring boot启动初始化了 137 个 Bean
